app/build/intermediates/manifest_merge_blame_file/debug/manifest-merger-blame-debug-report.txt
1<?xml version="1.0" encoding="utf-8"?>
2<manifest xmlns:android="http://schemas.android.com/apk/res/android"
3    package="com.appzone.mylibrarys" >
4
5    <uses-sdk
6        android:minSdkVersion="21"
6-->src\main\AndroidManifest.xml
7        android:targetSdkVersion="33" />
7-->src\main\AndroidManifest.xml
8
9    <uses-permission android:name="android.permission.INTERNET" />
9-->src\main\AndroidManifest.xml:5:5-67
9-->src\main\AndroidManifest.xml:5:22-64
10    <uses-permission android:name="android.permission.ACCESS_NETWORK_STATE" />
10-->src\main\AndroidManifest.xml:6:5-79
10-->src\main\AndroidManifest.xml:6:22-76
11    <uses-permission android:name="android.permission.ACCESS_WIFI_STATE" />
11-->src\main\AndroidManifest.xml:7:5-76
11-->src\main\AndroidManifest.xml:7:22-73
12    <uses-permission android:name="android.permission.CHANGE_WIFI_STATE" />
12-->src\main\AndroidManifest.xml:8:5-76
12-->src\main\AndroidManifest.xml:8:22-73
13    <uses-permission android:name="com.google.android.gms.permission.AD_ID" />
13-->src\main\AndroidManifest.xml:9:5-79
13-->src\main\AndroidManifest.xml:9:22-76
14    <uses-permission android:name="android.permission.Ad_ID" />
14-->src\main\AndroidManifest.xml:10:5-64
14-->src\main\AndroidManifest.xml:10:22-61
15    <uses-permission android:name="android.permission.BLUETOOTH" />
15-->src\main\AndroidManifest.xml:11:5-68
15-->src\main\AndroidManifest.xml:11:22-65
16
17    <application android:name="com.appzone.mylibrarys.MyHelpers" >
17-->src\main\AndroidManifest.xml:14:5-31:19
17-->src\main\AndroidManifest.xml:14:18-65
18        <activity android:name="com.appzone.mylibrarys.UpdateAppActivity" />
18-->src\main\AndroidManifest.xml:15:9-77
18-->src\main\AndroidManifest.xml:15:19-74
19        <activity android:name="com.appzone.mylibrarys.SplashHelp" />
19-->src\main\AndroidManifest.xml:16:9-70
19-->src\main\AndroidManifest.xml:16:19-67
20        <activity android:name="com.appzone.mylibrarys.CustomAdsInterActivity" />
20-->src\main\AndroidManifest.xml:17:9-82
20-->src\main\AndroidManifest.xml:17:19-79
21
22        <meta-data
22-->src\main\AndroidManifest.xml:19:9-21:36
23            android:name="com.google.android.gms.ads.AD_MANAGER_APP"
23-->src\main\AndroidManifest.xml:20:13-69
24            android:value="true" />
24-->src\main\AndroidManifest.xml:21:13-33
25        <meta-data
25-->src\main\AndroidManifest.xml:23:9-25:118
26            android:name="applovin.sdk.key"
26-->src\main\AndroidManifest.xml:24:13-44
27            android:value="k5Sz10KaUibR939alqA1zPlTrXqQRlCyC6L_yIcr9Hhbl1y004whkL4rJ4ZSbdwH1Lu748pawbdo5N_p2fXJFf" />
27-->src\main\AndroidManifest.xml:25:13-115
28        <meta-data
28-->src\main\AndroidManifest.xml:27:9-29:36
29            android:name="applovin.sdk.verbose_logging"
29-->src\main\AndroidManifest.xml:28:13-56
30            android:value="true" />
30-->src\main\AndroidManifest.xml:29:13-33
31    </application>
32
33</manifest>